Running: fuse.exe -relaunch -intstyle "ise" -incremental -o "C:/XilinxPrj/OLED/Test_oled/Stoper_TB_isim_beh.exe" -prj "C:/XilinxPrj/OLED/Test_oled/Stoper_TB_beh.prj" "work.Stoper_TB" 
ISim P.20131013 (signature 0x8ef4fb42)
Number of CPUs detected in this system: 2
Turning on mult-threading, number of parallel sub-compilation jobs: 4 
Determining compilation order of HDL files
Parsing VHDL file "C:/XilinxPrj/OLED/Test_oled/Stoper.vhd" into library work
Parsing VHDL file "C:/XilinxPrj/OLED/Test_oled/Stoper_TB.vhd" into library work
Parsing VHDL file "C:/XilinxPrj/OLED/Test_oled/Counter.vhf" into library work
Starting static elaboration
Completed static elaboration
Fuse Memory Usage: 116376 KB
Fuse CPU Usage: 358 ms
Compiling package standard
Compiling package std_logic_1164
Compiling package numeric_std
Compiling architecture behavioral of entity Stoper [stoper_default]
Compiling architecture behavior of entity stoper_tb
Time Resolution for simulation is 1ps.
Waiting for 1 sub-compilation(s) to finish...
Compiled 6 VHDL Units
Built simulation executable C:/XilinxPrj/OLED/Test_oled/Stoper_TB_isim_beh.exe
Fuse Memory Usage: 130888 KB
Fuse CPU Usage: 483 ms
